85
99 1
99000
28 1
28000
13 1
13000
35 1
35000
73 1
73000
49 1
49000
75 1
75000
6 1
6000
16 1
16000
30 1
30000
72 1
72000
3 1
3000
37 1
37000
56 1
56000
26 1
26000
51 1
51000
93 1
93000
95 1
95000
62 1
62000
5 1
5000
46 1
46000
67 1
67000
82 1
82000
53 1
53000
70 1
70000
19 1
19000
7 1
7000
25 1
25000
59 1
59000
89 1
89000
64 1
64000
87 1
87000
86 1
86000
11 1
11000
39 1
39000
90 1
90000
97 1
97000
78 1
78000
57 1
57000
66 1
66000
76 1
76000
1 1
1000
84 1
84000
36 1
36000
10 1
10000
38 1
38000
15 1
15000
71 1
71000
21 1
21000
65 1
65000
92 1
92000
74 1
74000
33 1
33000
60 1
60000
0 1
0
32 1
32000
54 1
54000
4 1
4000
94 1
94000
44 1
44000
80 1
80000
45 1
45000
81 1
81000
29 1
29000
34 1
34000
27 1
27000
88 1
88000
61 1
61000
23 1
23000
2 1
2000
83 1
83000
43 1
43000
85 1
85000
58 1
58000
14 1
14000
48 1
48000
17 1
17000
18 1
18000
96 1
96000
31 1
31000
12 1
12000
79 1
79000
63 1
63000
91 1
91000
20 1
20000
