804
8696 20
35619 3876 24855 5076 38304 66416 94634 44776 77630 82577 65791 82092 87902 2284 45104 78115 86267 17085 42488 89554
2297 17
70960 72402 32352 5511 44219 54343 6718 26037 67018 61759 42504 19238 74118 98491 20451 48161 34902
8384 20
84313 89482 4986 79781 54344 29310 67329 45614 81966 84933 37923 71023 69826 27699 24067 67804 15212 34713 76168 90223
2610 20
7820 48043 48745 65479 89240 71113 25060 49113 4174 52297 1382 77032 30494 39325 10458 74761 66708 11071 61304 53356
9829 19
20136 11205 47730 47315 88487 86822 97558 67231 1070 75869 21391 64120 70861 83501 51779 77453 56041 3990 32779
8691 20
78477 80049 87419 1012 35565 50247 48126 11153 78715 85175 33992 15480 59290 29434 46058 55052 55714 20152 15371 18437
8530 20
19448 96213 2304 88957 5892 42760 26138 98024 53582 11503 87719 20859 27044 81373 22968 82458 59089 99723 32631 16064
6897 19
75602 87937 48793 10856 14860 54263 6564 54084 28038 3932 37550 71074 16476 95402 83304 56907 43423 14925 73295
627 20
17668 46427 60962 20137 60226 92874 39432 13907 94802 47618 41993 76493 38799 75802 49106 61874 52170 18989 74570 6016
8738 17
20614 69069 46844 33701 1081 68221 88550 36519 485 10840 42857 92795 89237 34438 2052 41936 47390
5134 15
62796 91032 98153 78271 77120 6727 41345 79664 97031 93992 73307 97582 68890 10421 41570
7989 15
22925 80808 92114 46874 46347 12877 25304 31099 86559 95793 39418 33147 6800 4181 34694
8758 17
57507 5445 88026 77120 74958 51760 45583 95727 60299 49244 24925 36492 66675 13373 68057 17985 18403
111 14
1692 38153 15253 79430 20320 61427 55457 97759 8792 40466 78382 45472 70445 1559
1864 14
35086 80808 96511 94551 33943 18625 52248 34568 78112 43957 22717 30623 46864 54703
2359 15
20678 85810 19053 78319 63497 12451 98686 28632 14067 9508 83803 55889 60259 30503 52615
6644 20
47332 34217 10816 2164 91504 87633 43182 34688 79918 5281 52990 35676 39066 89990 32722 67532 73905 62465 59710 60249
53 11
60488 1061 42293 27198 70968 67042 56156 19871 61098 45897 2478
7791 18
81874 75810 35109 87331 27113 83007 41427 81321 48237 87958 26638 32187 91641 84014 23942 54133 93181 49959
8728 19
35881 69082 72584 74374 87702 65433 50050 47730 18116 74978 35203 32405 73194 81479 15654 33260 71936 10134 56671
9092 14
27133 70866 39395 56179 14736 61446 59636 33002 50047 83350 43902 4727 52279 14305
6063 20
67848 48962 54575 96428 79788 95598 66962 5828 91877 41516 9552 85987 67622 1266 51504 9218 36058 78200 28199 50947
9566 10
3302 41865 60741 76358 48216 52477 57624 65721 44518 85657
7305 11
80227 17735 41276 31000 89141 71052 95997 569 23444 27769 16103
5771 19
86501 1209 28069 75809 79899 59863 33122 33987 3612 54432 93188 49265 61655 99914 64988 66534 72219 24242 93974
2006 13
42447 94498 3964 42790 20664 27157 79411 96323 16873 88446 36998 75657 96719
5804 17
99751 4467 5917 34521 94485 51893 62289 8105 41712 62136 91571 8102 30618 48473 22763 90819 68128
8149 10
71560 11281 79950 42728 46288 59349 16863 87508 88199 39297
5348 19
37958 30371 6144 70428 44219 60666 16521 42335 27669 43951 21795 2519 9820 44592 92159 22038 30289 75228 63951
6871 20
599 75548 87851 80127 12282 31515 36149 21581 59246 59306 66013 13601 39044 74615 74736 67662 40071 42836 16615 47629
4193 12
29869 97482 99564 16068 52011 82470 58278 8596 24403 51587 34675 49397
1559 13
52328 91615 57844 51878 83093 49428 90715 94008 13735 48838 21448 44809 32310
6754 12
6136 64971 60674 38055 69574 47046 48874 54195 9716 73946 16462 57188
1760 10
22422 46805 39132 5901 40929 14830 58487 49620 82880 28953
479 13
98692 90023 15780 95650 15992 95716 9176 4191 65438 70053 77731 31568 13011
1800 12
37546 29997 62440 75484 24025 39404 97417 51532 81760 31341 88329 62554
1549 11
52239 78457 25013 92602 52007 98461 5245 61854 39536 36648 47431
1653 18
91818 94606 57035 53375 23427 29400 28629 28095 93600 28621 37098 96842 13447 98634 94978 32573 38343 85842
5339 19
42866 63380 11166 21895 57668 56296 40789 74857 93773 61805 12125 97317 68007 82022 58639 57166 8649 58878 72427
122 10
55902 70053 37843 98090 12344 13385 47800 22078 78834 89613
2863 10
70638 855 72313 99870 95997 58684 11046 51663 30562 19056
2882 12
34255 65860 83698 6626 78934 34082 24478 7897 54090 48828 16292 130
7021 16
65056 66024 71524 39880 34954 84776 78444 69638 86633 8126 19902 93967 15673 58903 71094 14586
7984 19
59248 96995 60574 6981 91557 40900 78896 83098 44930 57104 55615 27980 57279 98660 7690 97991 88120 56008 38861
9855 20
51479 74200 18568 56073 34698 84226 94033 89198 79077 31629 14014 45533 2999 21342 55738 60258 64392 69233 83257 24583
3679 17
39446 54193 32628 20209 73820 43919 73279 15648 91484 53944 49586 77953 33897 8895 23169 64846 30290
2415 15
53402 46548 45738 17962 27490 42484 86608 36089 74055 95638 94287 80257 83554 4557 17257
7358 20
65508 34271 81543 30585 51487 59605 45114 67570 36550 8226 63957 88944 34122 46729 47834 65619 6016 81897 46203 41726
2143 12
86761 21511 98833 67372 87144 18889 28330 21501 15678 79592 17145 34395
5023 19
5825 32205 71227 54788 66078 73933 31201 57179 13803 44869 8667 90649 85676 42712 72850 75447 82184 50887 87136
8795 18
34827 51607 36151 30617 31898 72714 11887 81608 89427 47816 75616 7515 20115 33606 7588 35653 24629 19282
6202 14
37978 26051 47571 3489 32439 69527 73534 87037 88430 35878 70036 92835 81666 18657
661 20
15973 32402 31489 44823 5110 41272 49350 25973 26557 86001 66405 9112 48941 46618 15297 55860 77606 87312 83190 50977
115 10
96238 50746 58775 15264 99249 5443 44635 55235 60419 76397
752 17
28446 16350 61302 39254 18064 81483 94303 31700 12133 55619 72792 70551 26416 30917 43031 93744 91548
1283 18
61184 65797 9751 38825 45905 30634 43971 18667 18163 87663 99157 89194 29280 50561 21454 78912 96458 34956
1448 14
89811 14370 61385 97191 91418 46160 45379 53233 92889 95566 52876 88725 88507 45990
4439 18
75100 39744 99588 9881 75771 30114 40174 13903 24579 42593 54368 20796 65954 10386 6785 11204 72389 91600
416 17
71411 1508 57140 80870 19674 82929 61397 34561 10280 84065 348 97542 85782 96196 58698 27052 78548
4330 11
96715 71274 97836 96206 87042 52496 80442 2290 72368 60050 6287
4138 19
57000 17444 45568 96595 59332 74424 6958 97831 67693 92204 41421 37046 68663 16048 57207 45495 7028 55497 34073
3124 14
99244 4303 99456 88888 11593 24803 57835 45851 31431 1683 79809 89360 42065 7441
3546 10
46983 55898 76616 84271 46114 83879 46370 55536 92353 29226
1296 11
84642 80466 26826 19174 45191 95303 95991 28937 88340 9005 88752
5020 12
11335 34753 28296 84053 70976 61717 97385 23908 24078 72364 56306 71679
1349 19
22375 75381 32056 42110 75694 82237 17539 28366 94002 56202 86640 19353 11511 8164 50069 63894 44508 45850 74174
7368 10
14375 18208 83691 10925 40763 15296 91433 56298 67270 11093
9486 17
25214 77993 88324 1142 3667 85828 96171 29781 50136 88042 47863 13021 25217 81616 144 42294 29916
6997 16
87668 87233 78792 66150 89931 5905 15745 72751 28159 789 98688 17992 19589 29304 15852 40161
399 12
16700 36203 86560 5660 5704 92949 58319 83483 44405 72616 59660 55849
1351 11
2942 19843 89302 21165 91501 36129 28930 59813 31055 36187 47154
9918 10
47523 49584 27484 63551 79933 14457 83949 71772 31825 61821
3216 11
81216 66583 74598 9436 20333 21563 74588 14944 79179 70762 72361
1737 18
74518 28258 63090 24216 7055 75169 35667 18610 7610 11483 41108 75599 75184 1912 39513 38352 10209 96574
6953 16
67642 71259 52169 84887 45821 46259 29728 44169 54548 40597 13413 46501 2391 6931 4460 66523
4112 17
30218 27645 35584 8967 7423 49884 572 68058 46917 8516 88453 67144 72854 65305 13957 20577 95395
6979 19
15498 21211 3425 89839 30325 32591 40294 57859 93347 8991 41412 43631 41474 25493 18600 76206 71799 71246 22906
8283 17
81890 21288 96375 778 94482 77395 69572 52552 13885 75797 29584 93624 75951 91275 34666 84177 93762
9100 16
58793 26345 6610 53450 24333 40503 11852 59863 41747 14179 1905 48829 79050 72373 28665 67500
8050 17
78373 93694 42059 12728 813 63540 24179 36105 37194 50751 68239 39647 70363 3975 88971 63265 18693
4589 18
63137 42443 57543 96657 60847 15019 13094 25544 65364 7474 16290 85547 37167 68905 96842 35659 69690 21652
5002 12
31469 4951 62072 26815 62394 74901 23352 56284 79583 18834 79017 10707
3091 15
86977 78266 37800 90370 64373 5660 50612 11278 57247 33403 33875 30466 29249 24479 8607
462 16
76817 12322 72407 11995 36094 92412 45164 82077 84319 73681 88288 29109 96865 65678 31505 36722
3612 10
16598 26970 74097 15834 25134 60652 94125 75570 12164 22854
2786 14
15562 10714 34993 72419 37310 53376 29626 27246 99560 55427 7537 25368 38790 88803
6338 18
87196 24605 84191 73241 12190 14542 87956 99700 60792 95615 90076 45550 28228 85867 50679 68607 3993 97460
8109 13
52328 42782 34450 5407 42969 59017 66840 52339 10811 31540 23360 75268 36052
2737 19
78710 3325 87118 13839 78758 46156 9560 35484 3905 77444 43703 33748 1780 89450 64827 31512 25708 40330 80130
5263 17
15260 64389 32725 27573 78398 41725 805 38744 90365 63602 34601 73291 35600 83457 37405 21385 36344
1659 14
50300 55938 17025 43695 76475 56181 6279 66551 75181 19804 35568 53843 60276 42808
6313 12
31659 78987 67578 71033 55835 28797 93797 87162 11942 82829 40845 43265
2919 18
2194 43173 37464 35907 81202 43217 92778 22402 45296 26334 22673 41339 66105 36953 86866 832 54171 36354
6772 13
23500 88834 46842 86445 95671 24112 90050 95512 68161 62509 19919 45113 75938
1427 11
8827 16915 87619 82504 36020 56741 40047 7576 98986 86916 75006
8260 13
87805 63560 81941 75316 92119 47005 8391 83122 59725 43255 35133 2337 3518
1195 13
67451 65784 79555 9331 12925 34 60713 58034 99673 81708 16525 61163 14934
4924 18
66797 59614 44645 48782 66749 92541 99110 13354 93078 56151 21951 44115 71417 6532 59889 66609 87012 33792
794 10
19740 19230 26937 19564 64596 14396 81411 74291 94453 9991
1348 17
41574 9142 39422 27379 13098 53262 90943 65834 56091 81953 90465 73329 58518 55706 10838 19371 6111
8981 10
52999 53912 36381 73258 11981 89217 87611 15079 68881 92873
906 12
28069 11604 44052 36627 87150 60103 51287 24241 2770 75208 73612 46263
917 10
85545 44084 33126 38274 59516 97211 60729 29121 99771 3449
6760 18
55649 65570 55458 84077 85057 77028 58782 62767 10514 92406 98616 950 52244 18940 76560 39307 1126 44692
8505 19
86182 10869 40259 68405 4848 91543 75626 62215 64527 80284 53693 82264 35399 99498 44883 51950 70781 68816 63958
2097 17
4479 99396 30639 35119 55915 56512 84576 19472 95184 70408 36914 12344 72902 71974 58614 13950 59220
2394 19
12871 1998 95029 9796 36193 6758 47576 96142 25967 63799 20575 36757 40639 29201 83514 73569 34607 43263 94214
6636 15
95361 997 71874 1816 47982 97223 60066 54092 47875 5454 34089 42641 88953 32592 75695
5810 13
74309 81225 63360 78145 74884 78493 86804 28584 21603 92677 51085 7993 61998
7175 12
66907 39305 23413 17709 55577 14897 75263 28784 28230 96386 4082 68888
4637 19
54237 96659 89102 20123 78679 36055 26142 89342 59528 50684 67409 48895 63609 58115 46712 28299 95262 72198 16353
6229 10
61540 75827 81657 28422 24198 76302 14751 10817 8106 17584
3548 11
40089 18494 72581 15037 69461 7620 62046 43615 98495 85798 49240
5569 13
54440 83966 84254 17805 62797 64850 1429 49204 9565 59384 3796 42224 34230
5851 20
21720 87530 12513 8445 3982 35601 17291 3163 50129 95728 79965 21555 99002 23556 16980 56563 21719 30381 45502 85653
1356 20
57786 61543 13975 1718 52190 89796 49706 63860 66975 7850 73445 40507 74453 74656 98328 83283 77787 15920 56979 70779
5853 17
46472 78738 86337 35992 26098 7334 69503 40237 74376 45690 51319 52055 15189 71022 74745 98161 95766
5912 16
7871 36075 35156 14229 17694 15943 63121 55233 13665 99381 77245 56772 88435 96622 4145 58401
7956 16
89710 25103 39793 34990 8361 59305 91358 99270 43098 19498 23650 83790 86621 11082 2365 76310
3993 15
4313 43520 89549 22861 58199 60365 50285 92861 80554 57768 56292 63237 90129 21837 47019
6253 19
43797 66108 71436 81202 51490 56995 1822 43682 10342 34810 83025 25956 51545 98355 96307 9713 98882 77863 51496
9948 13
4624 24599 90758 44866 55894 60007 74943 83858 78907 10231 7578 23869 15301
2977 13
22277 3911 12353 26975 2309 93384 55942 59016 17198 51874 15505 5806 1255
9460 13
87181 66906 87693 60724 10043 3868 27752 2404 22338 72555 94677 19632 43007
9316 16
78016 23358 5807 99852 37623 75727 19434 85069 33100 42636 82906 47249 43322 47309 83085 70147
7555 11
34991 62262 98853 28735 49271 93960 31057 33388 59433 9913 80645
7494 12
41288 90878 70468 10857 85508 79302 76735 51017 623 36353 4463 10663
6386 10
9874 11094 67054 17594 59511 22813 71764 19711 49757 2109
2044 20
34336 2766 39554 59429 29958 73699 69976 25945 79761 69029 7230 89068 27066 92294 64546 63471 71861 84863 90947 63723
561 17
96955 95256 97800 8987 25871 62468 99897 72772 53763 74585 51720 97761 51002 58923 85188 8806 81332
141 10
37098 27534 42032 84401 11061 33554 1616 21027 61373 52135
2504 16
22770 53082 83227 95592 7223 449 24035 34013 370 67989 48916 56410 33155 70525 58878 86931
2901 19
94766 34002 71126 19814 55482 20707 32616 55760 6452 58807 32970 13741 25691 16397 12040 67673 85111 21422 88634
526 14
87714 98157 9200 54307 33981 62761 16110 1491 67485 16735 2504 29292 69570 33586
6115 19
68866 63246 7852 87223 77082 15175 1292 25374 63877 61183 74708 28690 31377 46716 83165 37543 30659 20120 8724
350 12
39345 8204 63551 2565 43238 55647 10810 4757 16689 77936 28363 34408
7308 16
54440 97823 21713 11678 56598 24598 78871 38808 10896 31752 48460 29482 67249 24479 75913 40867
1668 19
71723 77215 54122 77181 24030 55783 67446 40392 17657 46296 97548 45921 88494 80410 9362 58743 21420 44718 36335
4386 20
51286 63486 70149 51559 55159 20278 27770 74910 76411 55589 58984 50686 41768 81146 53983 1441 41057 8144 2757 25605
5510 14
77436 61620 15448 35068 45455 23029 67104 69642 66083 78494 63147 64469 80974 49426
7407 17
75113 5091 58136 17054 99915 46170 84012 90246 65910 56070 19051 88573 72956 64217 71967 41471 18397
7038 17
95361 34793 1508 61179 64379 43484 19777 3068 22970 74706 70019 87874 11272 16268 99644 45102 80352
4717 19
68665 43891 61195 61563 65413 2654 26828 36568 81351 49956 79767 51880 28190 67252 12998 56201 86264 29078 3319
2541 18
25662 43459 32094 29965 19302 54239 5197 12444 14967 23352 79040 96147 98796 59039 73929 41831 12038 57554
7010 13
73618 33506 6527 84419 76342 3374 32844 76992 88013 36326 9494 50049 7866
322 14
47789 98762 6746 11553 65870 41345 22915 52127 86071 26229 37233 24630 96607 72500
7285 13
89313 73564 83724 74374 65547 81492 69891 40018 5389 26738 11089 63576 24772
8648 18
22446 5890 92903 81295 61228 55376 10856 31855 85459 40446 15391 5663 82906 70053 41666 80463 33752 25704
9061 10
40717 34454 14719 36314 6623 97493 42091 97758 47228 6237
2510 13
19813 36151 39652 51299 88952 20151 58393 410 90510 68356 58544 94567 70989
2075 19
84055 39879 24782 87118 39111 86288 50393 69430 18122 68423 38228 70852 4859 49072 18433 92693 41424 99139 1448
4284 18
84059 55489 79590 95026 72299 33387 37144 99442 40266 20698 39219 76024 79501 4492 94524 23103 91306 74488
3720 17
41114 39381 63846 48745 84943 47043 94835 32015 31747 46806 35343 11291 85826 73304 70147 19264 60814
8518 12
85977 36836 56852 38231 97852 22438 48724 97315 1534 11461 41806 92374
9218 11
41448 24201 89612 68963 71906 23172 27311 35538 8590 50339 70639
3483 19
37523 38455 909 18848 11010 51336 91934 69536 94901 88637 87024 30642 82304 90279 72828 42098 87119 1098 94004
2848 14
33192 65442 58578 28054 50366 77165 74347 43702 98293 83820 31963 69102 28308 94845
8314 12
2974 41045 68776 63791 15104 8642 3608 13404 49592 56962 26183 41770
4194 13
40861 16943 56177 7184 19288 13128 21300 23520 73906 66263 54420 77193 53815
3907 11
58981 27219 33825 25060 14146 42943 34950 92245 99279 45631 39237
5390 20
5053 91957 98409 41659 9937 37734 83944 26973 75021 80485 6763 1629 65140 46059 61675 32506 41258 96555 76674 41223
8056 13
75487 17128 63827 3561 31110 34361 96476 28167 87430 24457 35890 19817 45770
2017 17
17264 67785 94563 14595 3036 23740 59125 5622 97604 75426 57327 20243 62087 8443 74179 76967 29367
6054 10
15284 56202 61539 19734 4824 4114 52082 63110 69265 58795
1476 17
75901 67690 67602 72019 80283 86219 97603 47921 57158 97715 62389 96318 36162 71712 1961 81097 19419
4614 13
59414 90052 76366 38614 11040 89416 92694 6797 80231 32798 96201 4248 44479
7445 10
15917 80625 85554 54006 19351 80365 34472 33977 84320 15716
156 11
20438 15885 42859 36043 46885 47307 54977 13469 73296 65197 1251
693 16
32671 70660 34392 38587 66704 79029 35676 84908 30884 98204 52967 77061 18233 39490 66038 24973
5857 16
25390 76320 40680 86694 32808 72811 67607 22716 99699 65193 44471 94779 85184 58643 6504 7444
5789 17
347 34964 31614 89758 54566 62416 97026 87405 50132 15119 30447 69491 13429 5401 16737 61402 78124
3277 18
94314 30216 39549 39191 29145 15674 96648 67204 18984 13431 39314 68496 32672 19826 23432 18635 4816 60395
7025 11
76817 98482 33186 52788 10805 19506 5509 52644 19809 18708 81812
4496 12
65932 94856 15628 92646 61278 54582 86869 51627 95947 93963 53580 2210
4618 17
99623 49356 44069 78103 5242 78319 56330 73190 86718 97876 74901 62124 95468 12430 18713 39285 63734
9985 19
95315 94829 46976 57997 5474 43277 39791 27065 44342 35989 81469 81477 13262 352 31641 4521 86708 18118 71651
4704 11
14343 11965 46492 66137 79826 45187 26048 47679 96939 53376 88817
6493 10
75107 18975 82563 56683 88148 92547 17080 24233 80393 95151
2339 18
69216 95783 13989 16402 88562 98479 73062 31604 5851 676 48621 63521 93801 86162 65811 84827 55998 82212
8178 10
45833 50677 40020 9401 53621 96730 4923 50605 81080 40436
5532 16
76154 84803 4594 9624 99553 20449 70554 64219 56444 8841 77124 45150 81458 75618 58431 36759
4506 14
48250 68459 5368 46480 38358 7121 88297 93152 32001 9268 69560 39993 63107 98349
2738 10
85669 11467 80013 60345 51020 79375 87867 99070 90672 29926
6915 11
85197 39955 74797 42644 29988 94434 71522 65488 5398 36036 85422
9960 12
90539 72481 19578 64334 87648 62212 54985 6102 72726 51956 10159 81485
4154 13
26091 59035 50924 66068 816 51548 32941 3619 89968 2105 63752 35994 1117
4556 18
32157 74165 91644 64604 33926 36222 54089 972 56560 37414 43049 40510 45034 15115 57800 87866 64985 76785
29 18
33042 97733 50056 23600 77682 69534 68691 93750 80532 55674 66311 33336 99675 77350 12708 80009 69361 68449
5555 16
72557 41617 88406 26780 40617 48511 3773 52666 43114 5128 77368 53231 15588 44824 43089 21604
5805 13
26733 60441 38167 42579 750 17515 70432 17082 89107 42416 44922 10948 11382
6916 12
52775 11809 1234 41285 30454 72127 50484 28824 99970 73880 69602 70456
3586 13
5869 86665 15365 7837 57227 69041 71835 74127 40780 69328 44102 66498 43105
69 13
86023 35067 24952 11810 92147 5808 65739 68154 52387 61389 84681 51531 61912
1984 10
33105 29613 41551 12902 92038 32744 33464 80178 95766 60456
8677 19
59762 61954 69066 65537 57476 54100 27075 75934 5765 63444 84362 36527 95939 87787 70719 55736 98603 86212 11813
9108 14
21047 69876 87785 14044 44442 2947 85237 5784 3767 42463 10878 45545 97664 67184
1996 12
40074 15683 33775 30382 26562 73587 63868 69113 67027 83088 24317 34632
5357 16
86499 41964 88026 15395 30926 23666 49688 86311 69433 61566 14299 28226 2897 61616 29070 41159
1970 11
80411 49785 13325 35806 71777 60718 92429 60864 22341 17137 30317
6235 20
89751 21213 2510 10813 78483 44347 51514 16201 27975 98310 74048 89434 14188 43368 54675 20599 67868 85956 23126 33564
4535 18
81877 17603 30949 4879 58582 28322 59703 7516 77091 66425 69520 96236 23752 28816 60973 36600 25667 57008
9564 17
87438 94564 69604 89514 92259 47827 56167 77329 4400 78145 36491 70424 32607 38194 3879 39193 65091
5388 10
31625 16596 2510 48235 68884 56049 22454 47577 29262 6239
7293 15
78972 13465 44087 49312 49885 12574 70986 73884 14763 39981 36429 14667 51647 3704 57054
7963 11
61205 79522 74147 49736 28370 89191 66573 9705 25831 74649 63912
9096 12
37806 95825 56082 22767 30748 83646 91376 35543 41134 37455 85824 38478
2137 20
14704 64790 23621 24477 23019 70737 37854 75376 36726 26245 46404 88626 70379 44632 56775 16397 4572 93795 56949 75016
1307 18
72959 60016 77218 30185 75297 23465 40496 37105 24787 54991 86902 76167 33850 52535 48817 82495 46815 1529
3550 14
67059 44797 61815 25997 9428 62814 77749 74796 48062 59389 36462 38174 60417 30761
7438 20
59314 7093 86426 43162 42865 92491 76815 29776 51686 60101 50938 50115 74677 89848 35463 82920 39760 1137 85581 68645
4631 19
56132 80023 85608 63708 74390 15196 80217 80045 66446 6866 49982 43970 489 98260 52408 40434 12505 9577 49649
7096 13
37822 70558 56709 51471 74167 11788 98137 14081 3912 74848 59961 7263 21657
787 16
68117 18196 87547 56648 97031 65673 14260 39007 93804 26830 22951 28454 28770 44816 58404 28862
3726 14
32226 28990 19778 64035 36631 25619 4363 28561 98339 55052 85115 84645 60925 64529
1397 19
13136 50055 29597 11232 18788 56640 65433 66665 83582 1422 62582 36689 17529 14265 80506 73566 45733 95221 92248
2250 15
52198 3737 46943 54812 38008 84817 68845 14779 87037 19243 3417 95542 10297 87671 70257
9315 10
45363 96890 66798 915 32713 6 85557 13578 57019 2485
9203 12
91060 38458 81842 24592 83264 87616 8470 6905 27088 67814 71731 8113
9095 14
72812 20395 93109 86290 75822 3621 37934 49484 12473 18313 17192 92928 14246 86613
7995 17
72285 28990 77993 30852 47295 95027 38128 76518 7514 64041 78404 55364 19974 5768 96627 74621 25285
458 17
11323 43977 30142 15900 52949 48823 56783 16259 28797 28423 31129 80536 128 50016 62355 45076 97306
5397 17
53189 25888 53554 98963 5699 73351 53613 54150 27789 3816 71639 90129 15078 94475 78555 46379 77282
9294 20
57295 72711 37479 59429 37909 747 54341 89243 48181 57516 87581 33522 16973 68640 23597 42870 7009 42080 97076 96726
3868 16
71860 35657 20585 15483 8246 14853 15235 78867 93556 79373 36551 88866 48204 38492 77797 45565
3525 19
99793 89782 54655 60690 28338 39839 80204 26248 4701 97816 53202 88124 33222 9648 72796 90138 22992 11729 5122
7143 13
34953 82181 46194 90787 45165 71568 33208 4712 20580 55892 61091 35678 81037
9616 11
17570 16417 1692 75156 41559 86840 1364 26504 7556 78190 99815
180 20
22770 72660 71005 87213 98128 31588 79716 53633 65750 75870 54866 20863 97815 862 3243 35394 57753 56086 84541 52970
9081 15
36605 27930 86117 93266 51304 8893 31591 3001 1161 55774 34619 37630 82682 71966 56624
490 12
97000 5411 737 44257 104 88188 10519 39605 24207 53040 30696 60348
9761 12
91084 97918 74259 54689 28058 3750 97684 55044 34675 87866 91986 61586
6900 15
49873 61143 33507 17678 9796 70957 84837 26881 40778 90465 31425 30226 65779 95188 56122
8098 12
98316 20487 6241 48510 7982 83543 78523 45918 32178 86941 35499 52912
9751 19
36902 40731 68977 81153 6374 78043 12414 16176 15698 30671 86798 88494 97787 77396 94983 92385 83119 68269 67431
5604 20
9978 21085 26512 88745 42354 3229 83291 75707 98615 9206 74267 63689 26363 89538 63423 83808 19539 98019 60539 95456
6779 18
81514 97360 96152 47812 2282 23458 28854 42236 64219 32041 26920 17379 24773 80698 55496 41851 64426 47364
9291 20
43178 18754 77294 66701 55315 85620 53569 28222 67203 21108 18872 90997 49163 6043 31620 26874 98661 28135 61965 70367
2590 20
5742 58315 48875 29997 34053 59603 45635 78111 83513 37688 24522 90452 43951 42927 54953 70859 66541 81087 97615 45069
4251 12
95377 16994 80598 41937 93029 15036 61616 49793 46481 80130 7613 60970
2881 11
13893 5967 92110 90360 20498 80716 96993 17468 76033 25536 43130
8644 15
68386 35464 87213 89898 89846 73627 51062 26767 53074 34877 23452 34444 30861 22724 76680
88 20
83567 85299 71517 96717 87879 64710 95943 2478 9925 26920 42841 16584 16004 30039 28074 15842 8235 92257 13921 83687
6957 15
23121 94880 41944 72670 29776 93239 4446 97950 16211 51669 32686 35443 69907 8280 89883
1989 13
24761 64154 51836 97175 89037 61260 79182 85142 70849 80644 53033 39893 60870
7611 11
72767 11570 30601 56217 53390 38709 31248 47914 18521 77532 71784
8177 19
47292 27778 72882 87722 41349 45970 12082 18057 37076 30779 15824 19949 42461 86465 62193 12332 68303 61129 34772
6966 13
19073 60828 39549 94353 15390 38473 90600 5047 31074 60597 7993 16670 910
6485 16
76283 26082 67793 49367 32274 97158 81129 95339 11652 86061 11795 99457 11608 21521 85135 67371
1024 11
58408 52032 61721 38759 82442 32114 4972 20277 68426 22368 24268
8931 20
44975 30542 85129 51296 14462 73422 56908 78860 14270 48430 79669 95780 99045 64479 68618 5681 19568 73278 9389 46470
8893 12
38000 3751 66601 1543 17105 53488 94973 41848 90842 83218 49793 40824
1679 15
91367 51344 57066 28976 19995 68538 89694 96725 6282 25432 44342 77193 72933 90049 20174
7294 17
83381 74403 10973 87816 83796 14520 92094 79261 9222 24763 23108 55349 64804 21556 12787 14773 1412
2998 19
42006 54540 12141 71448 59790 26729 87616 41318 94677 26160 16572 88364 1070 95424 3616 31381 13822 31009 14986
9573 11
69101 73438 45212 23543 2480 4039 45598 79675 59834 44169 50136
3267 18
19951 30344 32154 74437 74502 54747 31974 34595 31347 61801 32751 16456 39327 6432 37906 73566 21116 91120
5966 16
31161 54755 37855 87237 52220 13419 19845 44632 27856 83074 84774 71086 49097 68638 24337 32717
2651 17
303 15485 66504 51735 84919 6709 33345 69343 87520 7277 35995 98402 34930 90615 89695 87639 40436
7801 14
42360 34242 66911 74929 5417 9805 67131 92511 64401 64579 8998 52343 46320 53143
3318 13
61006 58059 86023 94732 69979 15194 32281 80271 1598 43084 22250 45513 76786
6109 10
12003 39924 71786 89884 19931 93430 61318 30948 1178 25854
1948 16
39560 85158 47299 55184 21302 27621 80843 14595 62011 21221 44627 51547 44912 90682 99273 87494
6215 18
24129 14576 4744 52762 4949 96662 94517 29973 11421 56408 67089 94148 16553 45216 49415 23386 17113 2140
4252 19
86957 26067 87121 28200 51077 19213 73659 92372 72729 73169 58654 41155 34069 62340 69466 48475 56397 73224 6511
3719 16
89283 98025 37449 74216 94938 34807 97039 81004 47367 90708 7953 38987 41713 26483 80832 23489
2497 15
81091 86828 89009 17597 95546 41298 66535 80191 65230 30941 33888 10644 90565 2357 11387
9686 18
65441 66874 67202 18898 92969 3052 82545 29417 58585 98885 4984 67539 91702 12234 19857 65300 1739 89718
9103 10
49435 40936 94900 46179 12231 51298 63709 38012 98080 59467
7875 10
66772 19248 1899 57116 94447 31130 42940 9257 27280 27527
7259 16
25195 28997 28376 28395 72463 65832 70983 5724 14943 40291 76989 44513 40686 14752 76191 32807
9548 12
5328 50610 12593 42365 33079 2920 87321 49282 90100 76966 65341 79741
868 19
50252 52243 4267 26508 55200 17941 24532 38056 50525 42156 47902 20414 71352 19436 44131 89428 48775 98580 4022
9508 18
92230 12510 97289 67267 11493 40741 34392 76912 78213 75059 85016 14879 5450 7592 85823 97151 24235 98168
7166 14
43444 20255 60913 74754 59221 34912 99387 58833 49505 99442 35811 86148 98138 60261
3852 16
48069 72242 78232 15380 53683 9965 77060 38591 30191 58777 77869 60599 40172 74830 83839 187
6212 13
52625 11374 14766 96981 84445 29498 35388 35386 5696 62838 10024 15924 28692
1425 11
74273 41816 90989 74693 55771 82434 44715 71125 61665 24556 68541
1504 19
48312 87612 53279 6788 89495 76629 25159 60114 81801 36228 10783 39026 55493 5201 12996 95023 73289 33029 27272
8848 11
1925 36789 15262 31345 52782 88061 24353 86294 23014 75239 86770
8222 14
74797 4986 56920 45179 32921 89187 52797 40631 80975 63316 96763 98195 82830 5394
6416 19
10158 57172 45119 95684 90005 99308 92349 20964 56390 74318 47968 5425 66830 31915 52550 10699 16620 81253 15413
7470 11
14340 58776 97382 47689 30834 25892 84931 89688 24953 60595 99819
3568 16
15600 20511 1417 31134 9324 37582 99956 40438 38570 66803 3120 57089 5430 88971 34112 38169
7148 15
51731 32426 49863 8543 71203 4474 71260 52590 52707 50825 3013 43448 15901 13913 48396
520 13
13745 110 19502 34091 81727 13982 90702 41348 63571 22444 30948 24213 61116
7974 13
45484 26355 20571 76647 88310 26314 74034 46166 46572 59320 36882 27448 71379
3698 11
68347 32312 91786 3504 82055 29770 32386 18098 24081 64709 8503
5551 20
2612 69726 42489 2528 2017 25876 99068 16393 40140 46752 82686 29773 42531 49872 35382 53504 96884 61909 12935 30948
5065 19
77520 89812 99758 32542 311 40458 71880 9950 75917 71471 28614 69453 99038 28703 20130 62380 6870 3096 63892
5513 17
71501 87175 3443 4574 87634 49374 56844 68500 85906 58261 75099 53280 39013 92024 65210 31381 44137
8390 20
9561 65036 87760 49743 1030 83316 60519 56049 93150 27709 32568 70232 42303 90866 52167 90497 18962 48266 17788 44742
733 19
55817 66261 5837 39705 67770 65928 27665 95415 86454 10133 49094 76251 79180 74547 83833 92955 80266 13284 92724
8300 12
73038 60051 92704 9754 51039 62377 33813 10836 31408 15770 41532 54196
6792 14
71996 28459 52189 29429 2690 37289 3160 74662 56258 17248 18607 5277 60785 7163
5589 14
32515 30920 7436 16716 99825 28172 93461 68026 59911 18607 63705 8447 41680 59009
3413 11
23259 46956 80404 93981 70750 56065 7166 14911 82597 44479 11789
1331 17
38127 3541 12924 53581 69818 81015 36055 69820 59974 59676 25333 72124 72349 82656 41770 31281 86946
918 13
50606 86026 76152 48558 92080 67123 3345 51025 49856 50540 12247 26806 26656
9002 20
49905 77985 34020 86336 42901 39863 16782 62316 91892 57226 2591 14234 37414 99659 13716 12124 58943 31122 74681 52024
3553 10
17902 18201 85269 34662 64438 77845 5665 50288 10148 56077
4065 15
6561 50234 43537 33951 69141 99292 43277 9496 69244 18030 59940 44996 86029 16624 90021
1886 14
34381 99025 18501 56011 24943 19375 16148 23337 90527 77196 27423 69917 76267 32430
5561 18
16694 19769 86943 46088 63862 88233 56036 22333 95691 66602 45745 22956 89336 78902 60024 77839 83556 62957
4457 15
48851 89588 89928 90672 29944 43625 72866 72070 87383 39188 29127 52833 10762 13166 74825
2557 13
41614 64183 37269 12946 57927 11910 88848 71911 88147 36464 72443 82808 36888
6079 17
26665 81771 15659 72673 77000 49 36151 51612 12844 97034 76709 10997 61223 49798 22024 16853 80276
79 13
75224 9743 17409 92238 40712 3069 68010 81522 15601 95827 5547 20294 34003
9110 11
8444 84142 67737 34898 27498 54757 90052 4345 99103 93603 78629
3552 16
15879 89918 46670 31819 64890 43720 42 69434 77022 4127 12167 85967 39157 53591 58989 68779
8388 16
92996 93683 55489 693 60592 57484 70556 7524 73436 40309 25618 5630 97776 65980 47698 93028
694 12
50489 95671 76704 42094 44731 58055 49859 62376 56320 55401 2487 57748
6724 11
95077 90183 15302 63244 54142 61454 85301 66109 92534 55452 63341
7729 18
43920 80885 54159 89627 16001 25440 74182 72099 28235 5343 15641 24647 15638 31033 6685 4197 31058 86053
1682 11
3620 15285 21978 71806 4814 64179 78983 53116 30759 95196 67791
8582 14
26310 49047 56004 36499 60342 41460 73331 78272 95124 36362 83989 90971 31680 91550
3764 20
6181 56429 69583 6290 95518 89748 75741 86064 69806 33508 60792 26712 76664 4642 60695 85103 84960 71135 83190 51167
3593 16
56321 67321 25849 86790 63730 98014 47659 97806 28053 63957 93767 54417 43069 4356 34994 43298
3729 11
45274 2650 95081 83971 91787 25485 92769 62809 15581 52186 11564
8793 13
80599 58865 56029 67518 81521 52159 20512 64717 72313 73535 84170 40743 14752
657 10
7188 27863 62073 39742 35060 83887 28948 56560 18766 42847
7442 13
88608 2411 43972 88066 18588 84007 31144 83475 51910 7033 60742 75666 95694
1488 13
22695 94939 37975 97224 39288 94462 33891 32887 80258 5672 24347 1762 14619
4164 16
83030 40738 36802 32376 35906 4947 87460 13419 29670 4903 31466 84170 44932 5488 91515 83957
3134 20
79014 56152 35068 66699 96407 78031 34373 76719 48041 49408 24736 57795 67351 85767 85527 51206 76660 34939 55714 57609
1044 14
60159 46663 35191 14907 2081 60633 36160 60239 51997 94797 72992 47616 32697 46398
25 13
69060 26816 28562 14449 97951 87786 60620 87370 16523 31263 79583 5898 8959
2973 18
27393 34494 75883 34945 78862 37616 98433 33642 18578 12163 61101 14497 33853 69762 14362 48717 25017 99807
4397 18
47282 766 63839 5263 62566 58227 41856 57816 88370 61075 70596 18659 1045 22832 10042 27853 78149 26663
1249 10
10207 43004 60004 87288 70255 14370 24923 76800 81969 13016
9227 14
30542 67461 54980 27902 63726 38461 98859 43939 66562 17766 14391 18981 75128 42200
6152 14
33034 5991 94538 24180 16806 75597 71362 14160 6747 6315 28053 3713 23049 71306
6977 17
97203 34286 26326 32183 70449 17293 66128 71114 16614 50143 70124 75975 99975 32393 1942 99006 48057
5761 20
90546 58793 13204 7101 19707 9465 51586 77951 70757 84117 17367 90886 58848 49440 59747 22202 10195 82537 83633 82127
2111 14
88323 29311 60105 26952 6653 5996 60359 6578 8110 10258 41618 47961 38453 43759
1241 19
64170 32832 33262 31753 7283 6017 25953 99029 86125 47856 29536 67054 35438 90313 22364 58465 34500 38480 30381
9204 16
54110 21536 41533 94816 59900 30909 23565 82570 1827 60050 27638 15641 63140 77844 97721 14911
3617 12
40209 91049 48872 65327 69277 23200 74355 19089 28124 96141 44752 84356
4116 14
43174 67788 52495 10414 30546 36488 70766 19149 40454 41152 28986 61807 14922 9338
7258 16
13832 58199 60285 66786 33015 9938 51793 49014 73383 80630 83588 77350 66192 53365 79746 79404
832 19
85275 42719 4118 29746 89198 12923 53142 76482 4567 26078 75680 3870 17213 29059 98497 86392 54441 44419 1489
7830 14
21907 77190 7133 85147 34488 50132 64497 52375 66809 43505 51238 89960 83384 41142
4072 14
20232 49199 20136 45975 82737 79313 72640 82192 79547 66899 27998 24964 68899 40813
3737 16
34756 68991 85327 21407 43158 12217 12565 59149 49181 70424 84845 59688 21489 47737 43515 88312
5426 16
45328 89167 5925 72585 72459 51907 28081 55517 80817 75702 48107 94840 19950 80783 68419 8856
4170 18
22287 8546 56800 62164 24690 80354 39584 61321 52006 83717 21707 9654 84045 3723 78045 62841 13380 1918
8269 10
40964 38395 75850 99085 95653 79907 19008 54099 19870 92585
585 15
40085 58239 22158 95338 28778 75655 62068 7897 90553 47000 10728 78187 98225 72114 68035
2830 20
73779 85802 3571 17347 81508 62515 43765 2023 50999 22923 27169 52506 93477 66058 69904 65030 24754 11521 74125 2816
9775 18
91818 4152 65172 63112 61448 58834 96993 79094 94834 75873 63160 51106 74620 77427 40064 7553 77110 10071
2119 16
39745 12283 45675 4940 10162 59456 40627 47154 23288 93238 34485 27592 88212 84550 76818 95209
7666 19
4587 10829 23158 83744 35764 12676 71368 74893 69744 64442 7657 6528 57985 21917 62577 72848 59732 43543 67198
8128 11
27904 260 53094 78649 19960 6491 95115 25117 2429 98960 19901
9461 15
29586 78587 40090 4073 40413 1827 9925 35751 16352 87580 8414 44422 19856 87140 63315
7512 20
26310 8122 76456 25400 13473 90572 88722 93792 50160 50060 74 35094 45226 64757 64121 76140 2705 63912 60390 32530
9810 10
8905 93754 53684 4726 95564 1912 53669 72649 33464 7955
1110 14
79216 79109 81924 17878 11124 46345 52822 46752 76657 94775 63840 13971 31146 82667
5386 11
47129 43464 18316 42897 50928 65753 46440 4963 87326 65754 13760
8392 15
2231 80643 29951 99981 6519 69215 20066 32513 95714 36885 42060 96946 96203 28228 41824
9168 12
18334 96405 22703 78390 52598 81278 5391 34540 28484 643 26275 5688
7644 18
37473 97054 14114 11830 26476 59212 22370 51970 14944 89347 7510 43396 62560 43063 69898 79845 86800 71355
5849 19
97553 49834 45274 45671 80951 15196 15950 75944 1608 2889 89578 19152 45652 44926 79817 80858 13806 11766 99523
8427 15
3291 85437 3442 63169 85828 10276 82993 98543 28841 33516 79329 50819 43211 79441 82839
1403 12
68456 42019 59518 94238 40767 10231 60650 74162 58077 80403 8000 55951
314 15
70539 84531 64334 63165 44995 60167 1523 10109 22302 88138 59963 50012 93867 64337 92456
4083 12
1959 71983 50999 43990 23437 20469 92141 52309 3262 17715 16089 67135
1303 11
16140 81156 38393 68932 69822 62938 86784 57796 81411 61669 10712
9992 17
11896 19245 65970 18310 24118 21906 60898 63811 50037 2448 84675 54487 94642 28487 97315 12834 65697
8869 14
9550 87161 27848 61039 50700 13964 49369 36087 62772 82758 53509 25250 52124 38328
9200 18
26733 94798 15517 95783 72874 86219 59635 8628 75076 90870 81025 13319 23736 49335 23611 21877 5786 40998
8958 15
60567 37144 55120 56082 55618 12006 60861 37090 406 35279 68824 59386 19992 9150 63505
8138 13
77636 45672 36224 14820 42854 88287 66280 13542 96157 67623 74246 20108 72141
3164 12
49782 97316 67484 72596 77109 66562 31033 7633 31190 32687 61670 69313
8818 14
39943 36626 2506 18827 86782 98773 62386 294 95488 40659 70211 42040 27965 94583
3369 11
38612 15038 19956 64757 49076 1077 61874 36496 17204 44346 50739
9028 15
33839 69008 27682 71195 70946 90292 85016 37017 9170 18377 1506 83450 51723 151 75877
8404 10
13529 82120 37115 96954 44882 58196 13368 91728 36801 38866
9017 14
26768 60619 80430 91072 91892 14022 43329 91709 19329 95557 5712 60058 65630 42812
5990 15
55817 46525 27750 35951 8844 24991 17515 72817 71709 27051 24689 63765 30267 70341 57778
5437 19
58359 70941 78972 63416 75118 39244 62156 99313 37541 36537 90727 29133 46209 49865 84137 40517 94845 10326 19419
3247 12
93240 18090 32734 94655 22884 7233 81926 30501 90099 66506 93744 65871
1478 20
44076 95287 70272 94114 56764 31959 94760 40915 89956 21990 99281 16091 59763 29280 88154 81910 3165 16541 11030 29736
8366 17
65423 42059 87384 83744 38146 83581 69000 42380 6347 28568 57116 90808 53228 92987 85671 48329 10967
6597 10
65480 88275 15458 36057 3198 7440 53302 92021 61254 97363
6076 15
12702 8076 90393 19881 88709 20161 73316 18577 16963 20059 98737 10124 31939 66935 50101
6924 20
71058 52515 63846 28224 72444 35243 26289 79063 74130 11872 85194 79444 321 437 21608 72342 914 17326 99091 74778
2535 16
30238 6673 13128 31798 84923 42348 89687 70731 91013 74586 82376 11668 69875 214 91069 71440
5942 15
38755 28518 16285 75667 4449 36810 62284 46122 9609 71138 7265 97150 84071 13868 6297
599 19
77874 84613 87928 89722 78333 95277 23800 20019 65840 2772 87674 86730 12746 11155 70241 91700 25834 77534 56373
6001 17
9506 15542 79879 44179 95049 93593 49955 21401 68073 50160 18285 2465 79986 51208 23407 73661 16340
6679 17
82681 67448 72151 31872 83887 80781 65611 36508 25368 78144 55721 65843 27102 29223 47119 32194 35817
3324 13
49851 27589 29258 98469 77126 65658 6316 63905 63487 80630 23321 56075 16067
1960 10
30379 67313 15752 35270 90691 64186 79988 13869 63258 71320
3799 12
19530 58789 88472 15914 39530 61032 80779 10226 15463 51969 46694 11880
4055 10
24286 37116 46505 87860 62326 54818 20119 89428 72834 22090
9507 15
22639 28393 43700 426 38469 61625 50520 82357 46675 76685 107 13243 47750 37861 84733
9934 14
61475 74498 12599 33290 76048 50954 13865 48939 26078 42785 62769 40644 85896 31611
1939 11
7946 83143 5946 68505 28572 56298 30426 23542 18390 87958 75122
8101 18
7489 18975 85863 44892 27883 9825 87425 25853 87912 4386 46390 96290 11981 19326 69595 8586 69837 77330
8521 20
49863 9525 92700 6293 5922 14317 55003 98065 86374 3523 52981 83416 75115 53094 66555 94592 72412 45102 64176 86004
8261 12
4281 1120 78430 14258 69785 52458 36050 52714 91973 4423 93877 13211
1899 17
18414 60303 58204 62989 93748 42150 9339 27669 38591 54589 32672 25893 23284 57857 3380 1716 20237
3874 14
51644 99161 7225 9095 1910 92240 97508 95847 87298 78658 47125 59962 59828 97819
5172 20
4624 24432 57499 70466 51447 17102 863 8430 52564 5955 32583 6742 22553 52269 45727 57587 40985 71104 78612 67828
34 15
94768 27800 95869 89682 22903 78776 83619 58167 97750 34868 6351 66243 37051 88521 54026
2086 10
22534 50175 10082 21483 8855 69080 10909 71240 64126 77395
984 18
5364 38364 10131 78657 26821 64584 20155 99627 67207 98443 3149 62866 73305 3243 29093 55512 43392 43599
1743 20
29366 12591 12481 24247 89597 23621 11480 65475 34912 50750 23004 76602 9692 50948 68503 94296 24269 20821 87627 80002
9391 11
48509 37406 13629 17410 51622 12673 72721 56590 67200 39802 48957
2991 20
18985 60312 35481 85266 37961 36568 71546 69656 3424 82300 16259 37044 80187 90602 44075 465 11800 38343 11897 5604
897 16
71146 35768 85252 19537 62212 43187 3370 31964 30177 64407 89915 6362 92813 13632 44446 90241
7674 15
92671 80350 38030 40955 23230 34604 48355 99203 13561 33430 22822 96548 85631 83532 96371
3871 16
67314 29774 67022 86380 60672 83757 98821 36057 68647 38562 93037 52692 6198 93465 34264 2283
5171 20
52278 22050 80163 58294 72825 49129 35832 72316 98516 59834 30835 57161 31258 8111 32968 71222 83485 16578 10543 53013
3211 19
33432 60062 61302 45273 74216 51082 42423 2888 87303 71341 17693 80958 890 23753 57344 75480 21718 93215 8863
4684 10
14547 58392 41616 46343 63262 75207 82189 85546 57563 25207
3027 11
686 94987 55443 7709 30048 72139 93498 36246 26116 527 62107
4819 11
81331 60756 99325 63796 31965 557 75208 60731 90984 84548 26213
3472 12
59977 1105 92424 3501 587 28175 98875 95870 99557 15701 54738 35120
2257 11
53545 24086 92596 26567 8041 37279 97877 35380 44184 83071 49709
7838 17
34832 67961 41456 32256 34154 44970 76370 59223 4101 3645 80912 81182 23853 11511 10875 23441 44332
3771 15
76040 25515 37818 36790 91814 50067 17287 68262 890 84474 88728 52795 61793 82940 29084
335 12
96982 67888 37895 14122 47002 76675 51965 93125 37203 29236 80480 94501
6442 17
81761 36183 71791 71284 38770 52025 27191 83160 6299 11660 20785 36383 82710 73213 11172 69280 25017
5811 18
35642 1668 30850 73954 17872 97719 74557 6893 25826 45346 99537 74209 50897 72936 85320 27102 13126 72787
3094 11
94442 41836 10417 26457 4876 72753 96483 62188 70804 91141 19811
9809 12
76882 7458 91995 14461 57612 68260 23774 8225 36806 81683 41078 23340
7804 14
10549 40986 55552 30002 71461 65230 3827 50894 51995 72232 42228 79845 30785 90637
5471 16
85226 70949 90653 31354 60059 44193 64136 24670 62953 14515 65498 67905 92558 69600 54303 33430
6418 19
82879 79744 99717 14997 7124 77682 57577 4176 55802 55251 75744 3708 71901 22844 96150 36770 39035 81382 91998
3632 13
34962 23357 31648 73286 46997 56974 64088 87037 91017 60329 55839 94062 42140
3423 15
26412 75475 58117 84195 25385 39312 82192 62122 88752 33003 4815 27132 76678 48157 39192
3347 16
67037 24924 46296 42963 39798 88907 86885 63909 63417 73956 79488 27081 58386 73455 18047 56624
2115 20
30329 40196 54155 72783 50089 44940 56546 36470 62652 52372 70698 99988 57393 631 56731 3811 99970 82299 28285 67550
7042 19
77640 92896 24343 18110 38712 69648 10231 42074 1911 64879 79123 72464 94727 87349 60582 49221 37687 27467 18938
6733 13
93077 49628 37530 40005 29486 89258 16580 15119 22144 95617 26945 43975 99115
1420 19
18028 28783 20791 39276 82035 27803 80524 1597 84686 74425 24206 11526 72371 24401 46426 76512 88102 26410 89894
9336 15
4034 7095 70375 50935 31985 66404 77454 89465 95682 76358 18473 18601 69072 14610 98817
336 13
72530 35413 68306 4456 33376 69547 78480 4018 95097 14879 708 20031 45101
5193 15
31968 74255 55715 78377 28848 45002 84756 32326 57071 69331 21798 89721 60938 36532 78706
8137 14
376 57208 79951 45335 61271 17341 4070 56364 93445 92511 23685 50711 99971 17619
2565 14
90677 92265 98761 60170 60023 1581 67723 13699 53394 31243 1357 98444 45078 77450
3792 13
47166 8578 52065 9826 82939 66718 1767 52854 75482 92435 32753 98249 1063
7280 15
6392 1658 35778 5917 38742 5116 93565 80899 35081 86327 55355 2535 88372 4380 24479
6349 16
26540 21212 84043 26165 93970 92433 96477 26396 4120 63767 34113 96766 17469 82010 26147 78121
5873 20
54746 26816 72106 34432 10884 25664 31494 49162 51111 64148 71845 80581 76811 30683 68214 45383 97334 42960 52916 11228
3507 10
28944 90321 12840 49256 55491 39656 1983 38983 45935 78255
9392 16
35946 4218 14097 50804 12125 94867 15826 93839 38506 95834 60152 92031 61886 41583 17618 16853
521 16
11261 82837 98259 7326 2254 57801 88648 84559 53166 2059 4233 76673 61408 85149 80393 35549
8122 10
93036 6121 55650 98957 62802 22757 53274 93479 99042 70857
3883 15
99574 97903 73176 44369 22713 33589 51928 52270 45299 73083 42944 48709 81808 60726 24416
811 19
32257 84120 11148 66814 87847 68738 58470 7006 50881 43056 18871 36628 94207 87977 13093 25691 19254 33777 60123
4086 10
30170 4242 78895 46771 9796 35575 77228 90228 66900 14904
6209 18
65669 98836 23915 53650 31357 74403 94080 50002 60849 83615 4664 55237 4689 42256 73196 56753 4248 82572
5835 10
6703 24979 89745 78040 67862 73781 48697 93577 30382 93568
783 19
49971 14838 32306 99706 63943 80409 18165 2958 55062 593 92020 50900 67862 89896 41389 68715 99401 85759 42106
310 15
2192 83307 47216 99948 14930 91758 9345 53010 17185 58340 56999 22665 27463 18449 75665
1807 20
99187 55560 94259 88738 89163 8010 48294 77216 60598 49334 92886 93474 88360 7847 63275 74681 90073 39933 86753 97929
4402 11
92752 59661 47813 15847 94612 4185 31459 56187 28026 77337 12941
969 15
7644 3560 36205 11375 77890 51351 64681 90538 4938 24281 38137 16352 6800 94144 29407
7191 14
33140 60405 5609 35312 84098 45325 55252 39828 12118 86154 19977 55622 97099 20961
4986 16
36753 66917 44980 40099 20097 52927 40128 3255 25224 82988 22541 54419 99737 6363 63605 1414
8198 16
10738 92622 26204 48942 20928 66286 41823 12267 79594 7524 96298 88933 51113 58483 59495 3079
4919 12
60469 97559 89104 74860 76319 24316 6006 98753 19554 92830 30015 82160
2837 13
42141 99704 50938 94003 35309 70238 43769 50798 67662 57761 93926 60348 91512
3998 13
71934 97779 50288 88054 30958 19932 4051 94628 53876 57688 91337 89508 64979
4231 18
21764 48429 22830 28 26108 52359 24035 6070 7049 17548 93013 33514 68464 81509 96225 90565 37715 83453
673 19
97092 65306 20178 4694 73053 72520 58881 50079 42583 96349 93437 92933 17215 37068 44256 59134 46508 29444 74144
3626 18
12872 71046 60051 44095 93048 64512 97070 71871 93140 83171 18769 43673 51156 47103 35013 36207 88247 48568
3947 12
70178 46971 97418 18930 40480 50385 12650 21316 92530 55870 29341 6863
6211 13
72959 66169 31699 46219 68981 98515 27025 33762 71222 78921 20956 75386 34066
5547 12
49370 50578 83536 89992 77659 79694 35887 77720 71951 5500 9153 3379
3766 11
23121 53710 89793 97610 98159 72504 41609 24788 22781 96098 52837
8093 18
89863 1934 18541 93112 34533 70998 97945 3141 84931 11320 22993 53286 15847 39976 17236 46747 35669 5675
257 12
7848 46943 40565 35009 43841 88115 30468 23752 48541 47090 10011 50651
83 15
65409 20825 85294 68141 83179 31628 96069 13463 73003 28287 41578 80483 17989 72666 43912
6850 11
88496 50099 80685 57428 97265 64835 35459 87286 52749 99700 79264
1415 12
83073 36581 11057 60818 12331 59570 89423 67311 18746 77295 35560 86353
4011 16
91367 71497 17556 25444 37512 27377 84344 91863 56544 19886 95834 62780 93247 45199 64750 27333
4430 20
44228 37523 36836 81339 37464 93730 73238 80369 14462 52219 80658 62452 92534 55012 12679 11400 3216 1557 58755 68883
8422 11
62578 32319 71702 27526 1290 65703 49918 27225 70695 73609 17780
1464 11
32384 40376 31005 33607 6964 23162 32197 61212 70201 10968 90673
5530 20
38569 1436 94165 71384 95967 81028 6221 19170 51062 28038 59366 3036 59019 8809 76723 81846 15173 36305 70492 78721
8773 11
17779 85276 36647 40334 89908 57468 5104 75291 56192 33557 13380
2269 20
13151 48995 54550 79711 7341 16400 83406 25367 77141 37632 96431 54049 21349 68373 36013 24443 60244 96225 27432 77337
2552 11
93487 53016 56745 6884 8695 8988 58300 682 33606 85285 52282
2778 16
64301 66600 61039 13424 75312 7237 95839 53630 10732 5981 12271 5212 6688 95289 92159 11107
5896 13
25352 5847 35109 1633 91507 50877 25822 88504 6549 53833 42871 60851 96973
6464 18
37271 42483 42093 88610 73743 7568 71231 73781 58880 19163 84763 51166 70117 66338 8972 49221 78557 7421
5269 19
61193 41417 84148 79595 66959 7929 39365 32970 38405 5257 24854 63780 26048 86823 9236 34903 27223 55893 50139
6423 19
7116 59936 23991 6832 28524 29438 95350 10228 18339 77451 9657 51462 60935 16915 40246 95909 92164 83681 64766
2203 12
49582 70622 60445 65073 2832 66772 36938 68082 71567 42602 79583 14411
8843 15
41602 56130 51046 78685 58949 75867 50624 62185 39604 30128 26685 4463 82538 41879 6612
2655 20
29910 78284 57456 69053 55319 84924 81355 33581 80016 20397 46808 18033 16138 83632 68865 5767 89725 64957 90550 79903
3192 12
93968 30196 76950 37464 18494 96441 48592 36237 87211 97915 2209 80379
4398 16
79383 37258 29501 75088 59341 92429 1839 68863 91995 81038 29918 72267 6175 58223 59630 65777
360 10
26241 19893 80851 80824 31367 51762 77074 18869 30215 9390
6612 17
41036 21810 51976 11996 64075 60509 90289 63998 91424 1584 53430 61274 56700 26840 56585 22393 3698
3667 10
84363 41337 80618 69139 13608 31002 67393 18478 62143 88836
9752 10
27133 97353 27738 3775 5944 7306 19038 43989 51247 55576
3218 14
55521 65795 5162 97500 59691 23405 46846 86848 84101 1010 37840 95143 52401 23072
3529 10
36293 65857 75927 25057 31928 71227 1810 3068 92291 80431
2268 18
99746 49584 7877 16826 37530 30371 46809 46685 17071 16134 82754 45035 78188 38861 53492 86866 18519 35862
6665 15
14148 96148 21582 20270 78328 60207 50515 15422 67942 35658 94640 31325 49364 90309 88816
339 18
72357 34201 19998 79228 77635 27942 37593 55575 17915 88088 46187 43697 69372 42160 13498 52082 86688 36061
7296 14
9476 54115 36981 49203 51538 79028 11285 33372 32866 77828 41134 2547 12073 23355
6289 10
11857 9609 63421 25275 37646 93353 757 67445 24167 80833
515 10
6102 89148 14908 14317 88571 50616 54890 73933 86261 50076
8902 19
18407 39516 96807 40132 37332 38268 63862 51948 33301 94621 22675 45574 60157 24014 42818 32830 31122 22065 45112
1489 10
16618 96446 98757 40236 18780 6539 10960 68669 84676 89091
2687 12
53638 73845 4658 10290 55575 18487 74329 33440 22525 26687 30789 75463
4001 16
29890 8528 65591 90042 13030 77141 31140 21650 97667 51954 89416 81051 19280 79390 13888 45852
6237 15
14727 39697 10342 35897 59450 57855 47326 99963 11327 50591 44804 65844 96515 85750 91042
3955 16
6022 9607 13169 96437 48803 38251 21980 77965 48400 62354 20670 87897 21941 76480 88248 63838
7071 11
83596 72570 67657 54358 32802 40860 61317 83688 49768 93910 28620
7822 13
66124 74828 45966 20701 48849 86967 77976 70296 15773 68283 51399 75535 550
5654 18
80070 13720 58774 89846 83268 49319 55252 42559 87670 26456 8560 47669 3565 3479 10907 26060 59164 94010
9124 19
20981 92274 92903 60377 12780 94572 62522 17411 44053 68026 72526 15298 40886 79060 32653 21421 12191 15162 43429
498 15
14276 11241 80075 64733 95302 85390 55274 75135 74383 84687 4651 72849 38688 90223 77897
5 16
47081 32713 70553 34776 41431 31929 85820 86009 48874 83777 30091 62891 98759 69906 90613 14459
5999 14
21000 59137 89070 50054 10128 75402 11566 96427 33623 41739 69509 75664 70701 42056
3915 14
60639 98747 30953 63550 74855 72951 55918 45917 83261 67403 27006 98284 74117 59016
8316 10
94677 15930 35067 71145 50564 16936 88459 47223 57841 90133
6609 19
26726 44884 17782 22173 69910 84281 34525 80532 73426 76612 64281 15824 8037 62769 6635 78614 91760 40813 20546
6239 18
79224 50310 81944 31844 27871 40704 45378 57560 72953 10636 59596 16312 36532 77607 50373 635 26885 94511
5585 18
21611 88662 8062 54001 52702 32575 21281 74742 72826 7655 3807 96805 48826 47944 22256 19380 82005 7109
924 10
63681 32869 27088 68117 70719 59119 2009 2345 30692 9573
2286 10
97300 90105 16365 34977 28324 51610 77774 67637 36406 44449
5668 11
50980 64684 66577 51313 60769 37264 78751 6203 16157 96666 41952
438 19
35391 38629 99274 80223 35054 15813 79345 27092 66175 32649 11330 60434 83889 42082 26861 66969 69232 89610 63712
3050 15
80440 57053 41617 63291 89911 7507 17096 31709 14042 77035 69020 55851 50044 20139 20053
5285 15
64457 26087 66260 88880 31780 67607 71759 84286 17578 39323 41032 2419 33018 83059 669
3684 13
13979 50494 52341 81144 73767 66179 65974 36274 64184 38487 15994 3879 75138
1824 17
93300 80885 22845 8572 29019 33502 60722 81351 15316 18005 72932 30186 24816 65226 46666 63962 59120
9562 10
78801 82933 24074 73374 90086 43028 54582 6065 66324 17388
7450 10
42922 87177 78642 15695 97960 91580 22218 3796 23131 33548
4213 16
29636 16057 84254 46208 79678 26825 94145 66911 94775 77531 28342 9895 30834 24738 47974 20152
1752 20
14251 32922 88425 14089 66285 67044 34219 50923 56345 70743 40002 3907 97137 3970 6294 226 30714 63175 83265 78980
8663 11
17711 38608 56195 9850 8726 60655 43539 6134 87246 49876 97554
9574 19
2343 10510 99574 59397 5934 32523 65428 23994 62810 58472 15704 30215 28041 46276 93797 78540 47383 58606 97499
8447 11
42675 30631 61640 48818 27837 69837 66747 5819 72714 23489 32208
3290 18
76 33484 28385 17413 81172 23482 3676 9508 79759 90740 18661 93512 10959 14447 91742 82662 84907 43961
993 19
93522 98506 15551 1939 62743 61584 65658 96099 76936 73163 98571 73605 83276 37640 82869 5913 3923 2896 81791
9667 15
43833 13401 70655 16180 54762 66630 50609 40011 20501 36504 59887 66302 94791 90180 56222
8025 12
89138 64190 42969 24977 95861 86652 98568 60747 1439 94355 12329 14159
6188 15
21435 22434 1470 83244 98498 37085 6076 45607 31166 63904 82998 53838 35967 40909 81763
7499 13
31954 19177 26531 9796 33465 41222 37774 51896 73227 17602 32669 84968 42663
7726 18
88213 85737 9587 51359 52019 63936 84050 27 82992 44950 79952 29087 65491 44524 61424 43404 91734 26720
107 14
18315 11429 61850 79550 13672 92509 2626 11806 321 33607 52031 50847 82899 48205
2049 17
35266 13521 20983 32306 13156 8094 49714 9086 8173 98753 22890 60204 79668 3273 75571 8782 58646
8236 10
86977 11569 93640 91595 6009 52580 14396 29760 71801 68383
9302 18
22657 15916 38601 44023 83431 8397 46052 85673 6648 16179 39129 24685 85456 43289 31657 35617 20060 23442
9889 13
33093 99860 55108 75653 39701 71030 29752 32305 28851 17833 75279 47077 70722
1844 17
98585 32769 82730 92028 6335 84941 95886 67733 22883 19179 3226 67700 69508 28593 54363 47525 20577
2240 10
18272 49021 38090 26416 59757 82465 18780 94801 4273 32689
2824 13
59793 46614 87607 52131 7772 55607 91273 55254 97960 97295 72587 14508 10632
2671 12
50145 20662 82516 80477 44181 37061 8859 15463 90416 14228 35286 14101
8572 19
29877 5616 35534 11908 83108 99978 54514 91093 22464 23157 93536 61981 69201 53430 96767 12537 88489 82427 64529
9596 18
74803 83441 58817 82845 51612 92897 83745 46877 62020 68283 52255 6407 350 70628 24317 28257 36022 36722
2162 18
66269 17961 54155 81932 81610 34879 44531 42376 54449 31401 54504 84861 33165 31645 93034 35593 49668 63614
6355 16
10185 91485 50907 97645 41965 65387 56480 70258 20133 94618 84084 17030 31177 62766 44783 33872
5926 15
97132 71833 66234 33209 52752 87561 69838 78192 78639 35943 40395 86784 18542 59526 34786
2908 11
41295 9530 56188 82047 59140 84953 46658 34005 50659 20969 56549
6236 20
97316 72514 67257 89773 43916 23755 31748 88550 6736 37495 21997 74537 95663 26472 85494 46152 89011 89336 71100 49075
1014 17
30283 67950 74634 21950 77146 7927 62913 27325 46274 74625 19587 33578 55274 37599 76791 65429 41197
3394 13
41598 15939 64967 81118 2863 93786 39436 95135 10938 58482 98924 54203 10310
2984 18
17016 65932 63935 2953 74210 71546 71432 52854 37544 99933 98914 1455 15268 36968 77802 911 59464 20223
8412 13
3224 75065 47400 69818 71832 48935 65076 3302 63364 74206 88384 38169 96599
7954 11
82077 44258 66778 38185 96374 88317 10657 154 19268 1340 91676
9143 18
42356 67560 49178 60772 48011 52799 25932 91287 66006 40948 88337 13122 45158 57260 88929 69322 85265 96999
5936 11
10349 74687 87645 24757 98471 88899 92677 73646 31577 54030 61905
4749 17
57605 75299 21535 26268 1428 13811 81797 38677 77302 61905 56596 44007 16155 82221 39743 24773 3103
3201 11
62462 14868 69498 8566 54824 54403 99450 86729 89925 51060 30259
6374 14
82233 61458 3336 96364 1633 29970 74859 18203 19661 90465 73713 1683 39290 46438
7462 14
2181 88593 78618 21703 33266 66035 90555 89794 87495 40274 42276 40006 48573 20559
4891 19
74078 42432 81515 95816 68083 4718 28857 49811 4167 45691 35489 38593 28246 23732 23737 28267 99788 4689 55497
3818 19
85029 88240 825 75954 36133 68854 63719 30574 98521 84791 24980 96670 37897 21513 55017 40684 79850 77664 82884
835 10
17674 41540 47344 48122 50444 91543 52667 1114 37860 80918
3129 12
30920 90576 89159 80444 1713 97328 12663 48444 43185 18267 17512 82080
5289 10
54067 52704 62287 37565 66836 24795 88023 74067 56230 47566
1952 14
91043 80224 12985 43701 33240 31511 61733 63474 42604 90973 41925 57365 71355 96773
637 17
36630 33750 63248 85689 47643 69260 76965 31175 27172 81280 53337 55018 57881 40066 62392 76310 86656
5525 17
9905 2694 91800 73677 64360 75965 37553 72008 77308 28392 985 3297 93457 60775 25763 51593 53555
9641 15
78078 22138 91071 52231 77591 79482 39752 85065 91498 13853 79147 56583 95066 90634 46240
6246 11
68475 35090 9343 72842 77570 49176 12292 28024 33834 52410 47975
2585 16
1673 6193 89694 34582 13156 66719 98609 26261 18339 9928 6786 2636 17454 33351 11139 67056
7515 11
63763 35357 61005 32060 85042 1370 5656 77803 32430 13034 27885
2293 14
92725 66863 98604 73439 61028 45466 61567 43317 8227 89524 56425 34447 88376 9744
6340 13
60749 60536 94994 56010 8151 13455 60207 83042 46063 9906 53228 35977 4957
6396 12
14039 16288 10810 67310 28919 53076 68119 14995 80236 71240 49992 72098
9266 11
41799 43016 23035 35622 36294 21046 60879 56308 48502 34632 79672
8841 13
68411 17203 9894 85002 90949 51934 56422 20256 60487 36520 84550 72659 33631
8649 13
25295 94712 89832 45589 33636 61716 81110 26555 62417 68823 53719 89830 30396
1550 17
9830 3571 27391 32205 40400 94711 38858 76247 39689 53781 46278 96794 95024 33528 55633 18735 68279
1731 19
62603 4499 68097 26296 43551 6756 19645 44982 49365 95703 45653 9773 40693 84056 2408 76857 88863 26239 58646
5095 16
54888 10740 9341 23429 35594 73565 34202 74182 72588 95402 57603 35743 49580 42635 17113 2442
682 16
67458 75338 97980 47847 6927 93357 57490 44613 84194 3557 45690 68424 33000 88473 32681 90207
5272 17
52185 83652 79790 37152 18631 37519 54677 37339 14946 50995 38740 8396 6228 44610 26000 49264 82744
9676 14
93929 52718 96170 89472 70745 24519 68280 43234 14601 24654 92518 14940 16635 94138
4367 16
87161 17410 17724 65627 69318 83027 55056 83811 72896 44992 92503 21917 16329 8973 62775 27337
8890 14
79810 29939 42631 3650 15643 14151 96640 30752 36749 5858 6725 26620 98464 63102
3074 20
72959 24574 63173 75486 88267 21746 15175 82820 1016 61127 28384 40967 26264 81360 61306 92498 88537 32454 37009 45069
3212 18
26592 4550 88095 75898 84954 9199 29924 85403 98398 703 55051 88836 15474 17702 44512 3318 36599 17078
9013 20
56101 52400 73728 79910 92583 45327 64041 63012 49605 64716 28809 23750 33431 75957 41657 97195 46927 56551 88859 47364
9701 20
1525 2818 68342 15781 83698 27268 8094 91110 25174 8182 82937 51074 86794 31118 65966 31395 15834 1052 72243 62016
1742 14
94839 41731 14368 33803 49286 84870 55744 57061 56059 17314 58461 80433 31796 94946
8363 20
90492 13267 4338 95698 52197 22066 77027 21268 17958 24495 10067 12905 19297 79757 75160 21457 86460 58215 8218 421
3254 18
39232 73371 67333 31018 34267 31863 2431 91770 73943 42335 36659 57953 37406 9197 7625 16018 83955 31947
2109 19
12460 59548 35173 53156 84424 53017 31327 82880 39183 32541 60640 19152 9177 16081 42324 81350 43212 64071 69361
9070 20
95459 78830 95623 50741 41616 34078 22344 18933 26864 48849 12507 18941 34749 78622 78692 79699 46400 1833 28391 12301
2350 12
19798 92186 60978 18392 20453 31049 70 36697 73379 44605 36280 79745
6378 12
25257 49726 36286 2759 97554 11653 50575 42644 63749 77298 85709 73365
486 20
4790 74082 62384 32434 70433 16438 57487 78122 1886 97830 17824 28477 77753 80033 92872 21153 35600 92546 31791 30785
7159 18
39578 66644 84649 92431 78410 72887 53138 18427 34573 7829 89347 84160 1623 38087 130 4463 79578 99647
5950 17
30523 91878 25452 13810 64882 14756 78148 79797 42850 3008 8827 2055 63389 85222 1357 39675 84196
5281 15
53940 99717 22276 10224 3255 5775 85547 14677 60825 29553 85487 33046 30916 86086 92374
678 12
17194 8939 36725 47386 68211 94664 84236 33440 47622 85487 14878 31520
2508 13
73503 63695 41036 89656 92124 65240 48357 88179 90784 1316 92510 11189 25993
5159 17
189 66428 60365 53252 35207 21122 44456 91427 72289 40507 48536 33771 14772 68138 28051 96577 18426
470 20
84978 75916 84614 85789 72655 72346 7128 71140 65050 30681 58852 34110 83487 50532 61793 84652 42465 54586 60568 34263
5088 11
1326 71975 92961 50196 61135 16112 71470 26890 22085 17693 59896
3623 13
51326 23510 89642 10805 13622 74106 18974 56935 54320 2417 75668 50416 53344
6367 19
8507 74113 59315 95063 46085 85339 68008 55688 53725 18716 4513 89772 12701 41361 4138 7512 51998 51554 55679
7039 19
35573 27978 83474 50114 70713 76407 42126 67834 85555 98041 36815 77918 20064 27899 42519 91512 72967 77076 71440
7534 17
23357 47444 6159 15974 62273 57846 63250 70731 57589 60646 42500 62332 12910 75223 46911 65621 96584
9517 15
91100 88018 52964 51558 24720 97001 58949 41155 76115 25943 61144 64422 36928 97254 65632
4351 17
16849 46872 19361 38794 91438 12710 87581 79471 74284 39778 63437 62473 29015 69918 55224 46112 11978
4383 18
92898 14272 64548 51153 79012 88191 11447 81907 12670 6329 3660 93416 49762 21265 56820 37770 40441 15791
2047 19
16253 28650 75276 80520 65400 7932 37522 956 19298 75223 94556 85450 31450 29083 81296 5708 10296 16869 44463
3467 11
56363 28997 90590 36992 48225 35798 78552 89685 8128 7214 4713
4742 18
96223 45484 87984 1743 40125 79458 56443 71030 93082 19146 10573 31916 8825 80334 13207 71519 31598 22189
7987 12
19943 83873 17843 22739 25794 54411 77014 25691 7106 44951 10682 9875
301 11
43797 97823 32502 79443 80619 27535 51829 59599 97084 61545 12478
2427 10
20418 93108 20810 28599 2173 42610 69666 43798 88118 90369
5630 14
69505 41045 14840 6924 41158 81208 15318 9807 42676 76596 71499 3638 20951 32621
2151 15
66458 94655 81858 27306 61360 12005 57231 89199 67340 21836 90935 18408 42867 43102 32336
1037 18
17608 83452 90410 59078 59650 90382 43317 89697 23309 61415 38137 86998 91667 67113 46511 36246 11076 97148
8328 18
63526 86436 92596 28629 45149 74458 3549 70422 42852 46690 76330 17414 9753 8882 45518 22131 1788 86907
142 10
27708 25320 44876 29870 69776 52504 72905 23765 70926 41397
4068 14
48269 53856 53021 19220 93308 24237 25918 64187 72005 75385 46190 73470 57186 79609
3065 15
36925 18806 46943 72236 13897 57157 54699 9538 57679 67243 27791 57986 61023 88681 78668
2214 18
64376 37980 71149 88742 25274 51556 36172 94368 5449 59437 69665 6515 59288 45646 21223 9236 75024 69006
8259 13
17142 40306 88886 38499 10457 94676 22088 50849 39833 5506 3059 58106 97998
5393 12
89816 66121 18262 51966 8062 47244 60745 10718 35666 59661 51831 91217
2714 15
18199 16027 243 88095 38324 26672 60652 30171 77069 52974 61915 88007 1865 4870 20559
9060 19
82115 47744 32288 39421 73534 85768 51498 58438 30539 28418 21954 91847 2832 75184 17460 15588 78524 3631 49125
5016 16
88305 94353 84141 99707 20560 18744 29307 71818 65166 22775 84538 26797 50570 23219 14204 11671
440 20
29751 65068 14865 98786 22051 92904 22669 75875 81887 17196 97381 22116 52863 52208 72845 90229 64025 51407 88277 96386
1963 20
22925 41602 53039 77314 95370 61203 41118 41579 85379 21730 33341 60410 65636 36219 27447 70641 6107 47421 41207 36653
5836 16
78095 74107 59628 29522 47206 11646 99548 64724 69869 93283 21366 60268 16605 4677 29682 15179
3842 10
12400 10751 56888 74548 77934 59453 8859 78320 27533 17500
3399 16
61191 28034 74295 22569 10465 48438 82928 36676 19469 31740 64165 35814 40973 37944 35323 76703
6285 15
86974 41241 93151 86520 96251 94245 24073 14578 83809 32485 10521 26159 10892 50044 62169
3418 15
48325 96870 78891 12207 19757 98243 21134 4314 39322 67750 8222 92780 28143 65342 37794
2317 15
70890 66434 38890 32673 85883 15438 20878 87402 60074 75328 82056 10806 61382 65696 41224
1846 14
96807 90456 33501 59613 96310 48915 68503 76664 46687 88545 45443 1576 71831 18047
3580 18
93285 22381 15914 43312 7837 88651 94672 26308 24670 33000 29107 47553 68291 12403 74033 58325 54485 84211
7662 10
47131 97709 94080 81018 28245 58105 92383 53145 27790 93983
7312 19
58254 33892 61924 49967 27440 50617 12197 88202 61897 24747 47154 39265 62565 18369 12490 28791 94242 23031 44421
5830 19
12702 23539 19095 38494 69900 13259 72476 6634 60649 24291 78890 78489 66499 48468 72903 66515 88894 31295 72095
8174 17
86736 61041 70808 96761 21511 17294 1372 89563 13926 31207 28054 52739 25361 16501 77403 609 70524
6717 20
26392 81339 28162 14982 95454 32544 18904 36096 33661 40088 18367 2492 52310 83653 74352 87993 62589 68371 25539 41992
5156 11
71747 62996 92323 60653 14426 32131 90351 49531 52173 2718 93074
8033 18
88568 85106 87991 46948 44501 99271 8024 73056 64948 29245 41502 2919 68909 90525 26887 55854 86261 38348
9305 12
90253 61850 94107 44751 59824 82515 62607 8333 95658 67681 20930 13544
4100 12
61020 44205 87147 80240 73240 18669 51164 74854 68742 29972 18176 35103
5109 18
74113 25680 15093 75684 9836 4675 54197 76521 76245 25417 4518 81424 67949 67954 96380 17428 21327 27223
5050 17
99354 39820 87247 3928 47576 36060 41597 6422 34949 81078 82370 35893 74916 58581 7328 93662 34350
6484 19
3922 5028 87186 53319 50057 37335 6410 73073 86189 70009 65804 64720 39787 2347 22878 30527 91647 66040 26862
1269 13
21019 65737 7718 43551 42034 69219 83339 31493 83487 84144 65460 88351 16327
1565 17
61342 52008 82383 29635 91398 19907 60497 94823 85015 21345 96150 34472 72597 97056 71487 32549 5130
4661 14
429 81257 3276 24216 13396 97597 51616 21867 72713 81821 17597 42756 10589 84872
7594 14
70307 74153 89472 75342 48297 85279 37384 84674 18157 68793 29280 10648 72978 66250
5847 11
9141 42790 64299 13962 22601 17810 7677 72568 22096 21172 75122
4681 19
42506 9211 25106 20058 74710 8956 72529 88926 76932 74041 81294 50545 35887 55202 26436 5920 83177 13242 36866
1661 20
54200 39745 85544 78657 35534 51298 86486 38934 11558 63329 52131 88907 31834 75322 24511 24792 148 41620 61243 99581
4014 10
51144 55607 89780 45552 20704 62085 39304 96015 36549 18497
5427 14
92912 16191 13678 95337 70834 33340 96387 75811 78939 28677 60495 25335 48764 37203
3859 15
30049 76163 13583 67990 90034 67860 53180 22248 51337 17275 40901 84076 50188 61686 24656
5030 20
19728 52071 10444 57136 66633 99897 36814 1763 90423 63887 42899 8186 82133 53718 98456 30735 35724 36144 44278 43874
2467 14
79469 27827 59639 70304 61611 85069 5245 31267 88573 55542 79900 23946 18572 85154
1500 15
91043 14209 19342 65605 8147 9293 14421 68817 40574 28932 82465 75446 42562 88956 43054
4490 18
88257 71337 19038 62514 94608 73008 83630 58202 16060 70238 49258 6041 73041 81386 44635 95526 77937 39788
5458 10
98 22777 4456 29942 80526 75330 98801 76266 21729 54394
6470 17
95501 18006 97384 50052 1076 35795 1969 81962 55265 22269 28558 20950 52709 90831 64147 52430 97803
465 19
43614 31246 39961 43640 4418 11588 54490 1139 5493 32334 10458 36875 30843 22169 57715 27856 82793 48125 666
9643 13
9887 38126 10389 77608 41542 89827 46820 63647 7922 80901 20495 52650 74217
6370 20
93433 48312 46583 25601 88380 32239 3501 84683 427 91160 18097 32566 93870 37690 94898 40362 60385 43840 33734 34253
445 17
69678 92413 24640 55148 2014 27036 18854 36172 59344 32384 64459 47090 86612 90346 35349 14411 24482
3415 15
55114 76940 11174 5836 15130 56476 57367 10811 51104 67042 61919 74564 68404 68213 9039
5956 18
73217 7784 92215 93419 61150 89882 62969 81811 33959 57377 65480 34372 23111 66314 83263 1566 51647 18497
3941 17
81858 35672 84220 45541 28017 80541 67271 11777 22286 16478 83562 82345 85941 41179 41397 68285 8724
4933 20
8786 20475 92209 20954 1839 39705 26349 94648 23819 23748 93439 79686 14509 26933 17651 12876 79794 84850 38428 67725
579 10
67171 66917 62224 45252 71023 40520 49017 42065 75165 12219
3022 19
59416 14072 426 1628 25983 9564 78659 38872 61920 12561 18402 6089 3416 6448 90683 79857 88733 30140 73124
6536 13
91558 63845 13986 98272 19140 42673 32258 39187 87706 35677 87480 66779 24902
9463 13
43157 30440 77451 21219 4551 69491 33674 42681 29093 71472 20179 5247 12448
5465 12
78779 98642 35703 7394 93477 51954 19351 61574 15842 96489 71758 32846
1028 10
60552 44539 77170 98360 48004 88525 92049 46773 4225 6622
1394 19
54932 15424 39712 15018 5295 63950 31292 2359 15102 24054 81438 66090 7515 62801 11683 77041 94512 88850 1096
4914 11
72650 156 53581 89836 51134 16410 78860 26633 65108 98086 64661
2470 12
76510 90674 63724 17111 84926 56202 41551 55965 1465 41697 39710 1537
4246 18
67222 81796 23821 59780 9858 8708 38259 42037 79660 44035 53527 21451 4405 32000 66005 64689 84822 75618
6899 13
7382 66671 51050 94621 85529 36977 14246 56318 83721 85338 66595 95073 10095
1826 18
64048 38060 55687 26070 18765 83776 83330 21922 5968 62632 21512 90765 79766 20399 17481 83483 9471 66497
5831 15
25105 55356 81700 40620 17174 93820 44995 53142 76735 15833 76089 84279 76554 96040 17638
7254 13
77930 28004 93710 51035 43247 74818 45426 57522 31243 52026 41589 83177 63468
283 16
48462 34533 37540 17747 97229 69277 17523 80348 89784 2751 97389 66568 42973 53977 20758 41323
548 15
74869 87470 4373 84013 53466 87751 1969 28077 52961 95358 30740 54149 32263 47559 71669
3473 15
28388 2789 56850 89557 74712 97635 23666 69252 16736 95151 87775 34460 29757 58628 32208
8186 10
38853 4106 20166 80745 54686 78862 75208 75246 66406 45298
3461 17
95085 80472 63594 80802 79482 64719 52546 58934 75743 83545 53146 66513 57471 86615 78432 45251 24671
427 11
92463 77656 43303 50193 75089 99282 97772 98000 40282 77837 44066
9208 12
68199 28476 39015 99956 60684 83127 23102 91296 76851 88985 34691 497
1481 18
57324 6691 42698 78483 33411 2528 74128 95592 69948 3516 21795 23414 39013 74501 80569 89739 18457 18694
2941 18
84005 6628 26702 88228 48683 99409 23637 15166 66681 83131 60521 4640 87413 39976 39396 74413 93261 33092
9836 20
32046 84746 79991 46523 15151 10156 86374 54368 93608 78858 72558 85288 49563 64956 92220 37094 34747 63244 65991 32683
3109 10
52392 84480 90908 77712 70931 1094 93747 50905 5398 89613
3921 17
43480 14659 1420 63852 60181 45079 74507 89729 43430 15053 85820 61771 46074 54401 86890 89556 76490
2675 14
82203 17293 928 50380 20859 75092 38806 27564 6623 20321 87522 91568 76632 61797
6197 11
4942 60903 16441 19843 16497 25777 442 25315 6879 63095 25916
604 13
76134 16250 18628 29140 99172 79703 58896 76575 46407 53894 32057 19444 80612
2365 12
92877 58568 86580 82901 65862 97762 711 88611 59144 34759 90331 11106
9350 16
53856 35891 71105 12312 6068 21805 13875 52026 97322 85579 71689 73452 74829 43367 86116 73293
3331 13
69768 47058 37966 10894 65361 82845 96228 33693 87848 22790 54908 13829 34050
1064 11
33307 68709 43738 63948 30403 55237 51195 519 3696 58305 25526
6153 18
66107 51064 69519 16235 21525 60960 9862 72700 3584 74845 75433 26120 84343 66969 42225 66858 99823 29233
6433 10
10557 39715 96290 43014 5910 5961 93327 95832 50867 20039
1176 14
92171 80163 46632 7382 84570 17553 91541 58895 91262 85015 38649 63336 57842 35942
559 13
84609 19849 5788 70353 45994 50412 56575 36910 87584 3448 47217 7190 9269
5895 18
98518 76260 9376 10235 32811 18396 24176 11231 70738 59011 48597 23350 39803 93298 85487 26288 46911 41462
201 14
22782 36432 97865 9003 71461 37292 10122 16015 41939 43702 55418 59402 71506 45238
6931 18
48385 18835 90877 65683 23377 73187 57961 93251 42516 68001 41818 93763 27447 67252 87390 60052 4312 85003
3740 19
28429 70126 46351 81339 68795 70845 96736 77835 58097 16097 74579 66815 89604 58495 54151 63558 40681 27039 37086
9625 12
20165 98953 65021 88406 66867 80192 42253 26530 27580 1025 21114 90557
1139 12
80578 63126 33173 41635 13159 51672 1884 46215 24234 19263 59678 20382
237 13
88352 73477 31849 7343 67478 48154 80910 82791 91842 62161 86725 12804 95786
1900 18
84127 16673 92978 71537 63098 5857 85919 74098 37072 8321 23406 39581 79683 50534 78736 44343 2202 95164
1842 11
92422 50234 81506 20617 24906 64327 27023 40130 8019 86868 99442
7338 20
84415 32836 26694 33146 41679 44353 95318 53832 60799 20506 37339 22529 42876 12927 67426 4659 35371 44533 56161 84645
3962 13
74529 83948 25172 20353 62747 80896 97899 72827 20584 84159 57824 65945 29084
5282 15
26361 89398 17716 88941 24977 80965 38026 39097 96763 29560 53797 10608 1157 8636 32451
6143 10
92125 24134 80557 9630 85209 31317 5386 30869 7701 13865
3162 17
37771 50177 44136 90027 40323 15787 36009 56030 46635 26920 94050 45853 38786 57718 7200 92112 48889
930 20
8878 77709 31670 32075 64593 68975 24066 55988 24536 68671 69252 30940 60154 50122 15374 64149 98123 62830 76659 69882
7144 14
2316 10946 5314 5652 24640 15389 33668 18744 14823 49510 24144 37322 31277 1796
825 18
83695 96894 62630 63729 78064 9758 20058 35649 32974 49609 72211 19761 69306 44047 37375 72176 88894 16387
5267 13
16034 96472 29287 83759 73395 49017 73352 92067 41858 75161 71531 63954 33916
4830 18
90407 90737 2082 47652 297 38252 60012 12587 43359 31810 9797 50014 57205 52179 65869 16188 44469 19407
2515 10
97474 21342 62625 78082 54834 90178 72239 50821 69729 28199
3334 19
66019 25209 49268 70502 86180 78792 3390 74193 1165 28291 72123 9662 87949 78535 95596 67012 8390 18424 52459
5475 12
60277 49320 97530 99610 45774 19059 50627 93378 58240 78436 61387 80711
620 17
53525 52399 86290 76139 31142 90128 51858 69387 10717 33339 17004 75530 27378 11351 51771 30153 63067
5175 13
57263 81030 29872 62499 31419 34740 12890 6659 74994 15654 70139 886 51604
7218 20
32922 58235 46565 9385 45458 68180 10604 21624 53763 41014 19101 75619 88476 17868 42873 49821 51664 91340 67526 7404
5451 10
66624 43091 96027 97843 11394 98744 84604 24619 84441 79931
3080 15
31977 78611 81404 40481 17256 3671 31796 69934 87054 64673 6733 20809 74341 54164 1883
840 17
4366 15538 93694 24554 36179 27925 13123 80058 40919 56240 32726 49731 11608 80803 7307 31436 12625
5123 18
87725 18712 60536 68230 87570 35623 73875 22311 31182 44326 44 32289 33095 4620 19589 47057 26371 94583
4376 19
36979 93326 13887 29485 35578 67537 89126 92619 98040 67236 89574 11920 6162 39423 11674 85611 61068 50534 13235
6346 11
67514 30385 84554 31839 86061 53784 39747 10844 33365 80243 86457
8157 19
88748 2164 30093 17039 77610 80572 52112 33974 38401 5079 8976 80212 16395 56037 43003 43416 29338 62986 34530
6739 10
60521 56487 54695 32677 22177 12013 50698 49017 32314 78605
1398 10
53546 103 71515 19404 68616 71375 99371 75665 76576 62751
2960 16
57689 34976 87793 73536 93223 43250 63754 12111 86783 45574 55584 81236 50442 45342 36144 51282
8255 12
2022 52136 79527 49042 2880 98629 77426 26522 7886 94380 35282 19779
3234 14
23146 22305 33474 83097 56990 16414 68210 7000 36246 93421 33830 63563 82700 78255
8632 10
84600 12150 57931 80526 77491 4011 43668 14281 15455 56100
9193 12
57728 71885 66783 73559 53114 75042 29690 1468 66708 85506 21708 62307
8933 17
88991 13688 81761 13356 12602 80083 89813 7347 51725 72257 83958 15618 55138 96832 56987 28327 24853
7468 12
82111 85876 67830 68262 96293 71658 26244 37412 33073 13598 6968 44624
960 18
81617 84332 69955 46488 26015 87879 4926 72642 96800 87430 99227 98653 76569 68638 90819 79697 5744 10369
9250 14
85035 50572 26902 22362 56990 40283 36413 91350 44363 401 13243 81473 64333 47229
1778 14
8363 37771 97633 51298 18335 7926 71627 44766 51003 14180 98875 18685 57572 68698
553 13
17475 4588 11263 14976 47859 85293 24031 92964 41198 99737 86338 94079 68602
4355 19
62132 55999 98644 26051 13807 47254 87950 60822 62148 7753 45052 28851 57430 56024 1478 81916 73320 51294 50139
8563 15
49851 57728 55323 43239 75952 75383 35700 74839 34045 48599 52295 94874 67599 94453 63806
8410 14
59705 14333 36434 9937 97218 20924 7464 41204 14717 19851 8778 57785 8529 43529
517 20
46862 4500 54503 45419 54076 60630 47947 74050 81806 74245 90605 73642 41481 89982 30055 21012 49599 57333 3476 79584
9163 10
54751 1486 34883 17015 9077 18853 35283 57111 61298 99903
5340 13
32426 77868 99852 11811 44919 32801 79681 13309 20765 82085 39074 24410 36370
576 12
39389 47697 27135 58222 22253 16664 96841 35571 30843 35371 68442 61498
6179 15
42006 86007 9863 21339 70967 45439 24006 23087 63008 28605 30428 9572 40613 52398 3457
8965 10
91862 20994 22790 9911 7337 99886 13636 3308 16050 81920
436 18
30423 11589 57743 15140 96497 78386 6930 6619 73634 80284 94503 86715 65951 41981 58907 63990 20540 48725
6291 14
25589 76614 83867 39249 11669 41526 31284 40227 86420 43146 74083 8733 61369 52924
5712 11
44794 32655 65409 57198 77170 5529 79116 38714 23199 26306 3449
1924 12
51494 21520 14053 93873 18224 25447 43103 83603 27490 97887 84775 96748
8761 16
13934 89410 19517 65387 53321 90903 69040 22619 11795 80009 95884 32754 32117 23153 71022 43118
2816 15
48063 22929 14992 98923 55708 81484 43990 1099 89434 38634 28229 73720 10524 45160 89651
4472 12
44076 74212 13360 91501 11639 35070 77229 22 24982 96709 6311 68847
2703 17
97736 35143 96945 48793 50817 33571 59556 35603 75411 70683 56131 22680 68548 77725 35062 76451 95526
1288 16
23362 58451 45021 34637 72681 73343 68253 76667 96875 65587 48631 6248 44331 75480 31277 17535
6830 12
32837 54113 32399 7267 41918 64853 71662 85319 72561 30528 14016 25155
9671 11
78821 68750 27758 55891 77785 92380 76265 12328 32937 18246 90304
3997 15
6561 19091 52007 17696 58924 27923 59100 95705 77846 51323 5721 96706 80548 91338 61833
2382 18
48747 69987 77262 10141 61486 57769 6773 24298 65970 23143 75405 15841 94258 21701 1950 71765 92748 28433
3491 19
77477 83403 74566 36976 52810 751 24919 55230 52272 81078 87251 39981 49651 24849 16186 92693 84838 19591 39672
4963 18
28048 21883 21360 62023 36289 44372 99629 47826 13355 34875 99191 39937 31380 67334 32355 61153 42460 28802
4275 20
86342 70417 92110 63686 39744 32042 4338 95189 60857 98905 2809 86091 80800 46631 99148 93416 21220 71821 80892 47970
4297 19
71757 85081 77693 25838 10514 19612 40342 55765 8519 40293 50128 35826 81533 28652 41818 75660 596 7838 5924
679 19
39950 98826 5442 85535 76598 56499 5008 38440 91702 10728 63537 8937 42288 93904 90947 28064 38913 1380 66304
9850 11
37533 334 49905 85252 48557 40658 92769 94545 38706 47762 51073
3572 19
61989 57615 56378 55647 92553 58966 65971 71847 7170 38634 86559 60392 4815 25351 11614 36954 83768 52260 89382
3406 20
37390 66604 39556 82917 84299 3749 77535 28551 2525 2838 36740 55139 53507 22649 91345 86556 33196 86708 67680 82683
